# Logfile created on Sun Aug 15 21:27:46 -0300 2010INFO: Mirroring assets from /Users/rodrigobammann/.gem/ruby/1.8/gems/spree-0.11.0/vendor/extensions/theme_default/public to /Users/rodrigobammann/Projects/sinis/heroku_branches/spree_test/public
INFO: Mirroring assets from /Users/rodrigobammann/.gem/ruby/1.8/gems/spree-0.11.0/vendor/extensions/overview_dashboard/public to /Users/rodrigobammann/Projects/sinis/heroku_branches/spree_test/public
INFO: Mirroring assets from /Users/rodrigobammann/.gem/ruby/1.8/gems/spree-0.11.0/vendor/extensions/payment_gateway/public to /Users/rodrigobammann/Projects/sinis/heroku_branches/spree_test/public
INFO: Mirroring assets from /Users/rodrigobammann/Projects/sinis/heroku_branches/spree_test/vendor/extensions/site/public to /Users/rodrigobammann/Projects/sinis/heroku_branches/spree_test/public
INFO: Loading mail preferences
  [4;36;1mSQL (0.6ms)[0m   [0;1m SELECT name
 FROM sqlite_master
 WHERE type = 'table' AND NOT name = 'sqlite_sequence'
[0m
=========================================================================
ERROR: Something went wrong while loading mail preferences
       Verify you created a default configuration in admin/configurations
=========================================================================
  [4;35;1mSQL (0.2ms)[0m   [0m SELECT name
 FROM sqlite_master
 WHERE type = 'table' AND NOT name = 'sqlite_sequence'
[0m
  [4;36;1mSQL (0.2ms)[0m   [0;1m SELECT name
 FROM sqlite_master
 WHERE type = 'table' AND NOT name = 'sqlite_sequence'
[0m
  [4;35;1mSQL (0.1ms)[0m   [0m SELECT name
 FROM sqlite_master
 WHERE type = 'table' AND NOT name = 'sqlite_sequence'
[0m
  [4;36;1mSQL (0.1ms)[0m   [0;1m SELECT name
 FROM sqlite_master
 WHERE type = 'table' AND NOT name = 'sqlite_sequence'
[0m
  [4;35;1mSQL (0.1ms)[0m   [0m SELECT name
 FROM sqlite_master
 WHERE type = 'table' AND NOT name = 'sqlite_sequence'
[0m
  [4;36;1mSQL (0.1ms)[0m   [0;1m SELECT name
 FROM sqlite_master
 WHERE type = 'table' AND NOT name = 'sqlite_sequence'
[0m
  [4;35;1mSQL (0.1ms)[0m   [0m SELECT name
 FROM sqlite_master
 WHERE type = 'table' AND NOT name = 'sqlite_sequence'
[0m
INFO: Loading initializer /Users/rodrigobammann/Projects/sinis/heroku_branches/spree_test/vendor/extensions/site/config/initializers/session_store.rb
INFO: Loading routes from /Users/rodrigobammann/.gem/ruby/1.8/gems/spree-0.11.0/vendor/extensions/api/config/routes.rb
INFO: Loading routes from /Users/rodrigobammann/.gem/ruby/1.8/gems/spree-0.11.0/vendor/extensions/overview_dashboard/config/routes.rb
INFO: Loading routes from /Users/rodrigobammann/.gem/ruby/1.8/gems/spree-0.11.0/vendor/extensions/payment_gateway/config/routes.rb
INFO: Loading routes from /Users/rodrigobammann/Projects/sinis/heroku_branches/spree_test/vendor/extensions/site/config/routes.rb
INFO: Mirroring assets from /Users/rodrigobammann/.gem/ruby/1.8/gems/spree-0.11.0/vendor/extensions/theme_default/public to /Users/rodrigobammann/Projects/sinis/heroku_branches/spree_test/public
INFO: Mirroring assets from /Users/rodrigobammann/.gem/ruby/1.8/gems/spree-0.11.0/vendor/extensions/overview_dashboard/public to /Users/rodrigobammann/Projects/sinis/heroku_branches/spree_test/public
INFO: Mirroring assets from /Users/rodrigobammann/.gem/ruby/1.8/gems/spree-0.11.0/vendor/extensions/payment_gateway/public to /Users/rodrigobammann/Projects/sinis/heroku_branches/spree_test/public
INFO: Mirroring assets from /Users/rodrigobammann/Projects/sinis/heroku_branches/spree_test/vendor/extensions/site/public to /Users/rodrigobammann/Projects/sinis/heroku_branches/spree_test/public
INFO: Loading mail preferences
  [4;36;1mSQL (0.4ms)[0m   [0;1m SELECT name
 FROM sqlite_master
 WHERE type = 'table' AND NOT name = 'sqlite_sequence'
[0m
=========================================================================
ERROR: Something went wrong while loading mail preferences
       Verify you created a default configuration in admin/configurations
=========================================================================
  [4;35;1mSQL (0.2ms)[0m   [0m SELECT name
 FROM sqlite_master
 WHERE type = 'table' AND NOT name = 'sqlite_sequence'
[0m
  [4;36;1mSQL (0.2ms)[0m   [0;1m SELECT name
 FROM sqlite_master
 WHERE type = 'table' AND NOT name = 'sqlite_sequence'
[0m
  [4;35;1mSQL (0.1ms)[0m   [0m SELECT name
 FROM sqlite_master
 WHERE type = 'table' AND NOT name = 'sqlite_sequence'
[0m
  [4;36;1mSQL (0.1ms)[0m   [0;1m SELECT name
 FROM sqlite_master
 WHERE type = 'table' AND NOT name = 'sqlite_sequence'
[0m
  [4;35;1mSQL (0.1ms)[0m   [0m SELECT name
 FROM sqlite_master
 WHERE type = 'table' AND NOT name = 'sqlite_sequence'
[0m
  [4;36;1mSQL (0.1ms)[0m   [0;1m SELECT name
 FROM sqlite_master
 WHERE type = 'table' AND NOT name = 'sqlite_sequence'
[0m
  [4;35;1mSQL (0.1ms)[0m   [0m SELECT name
 FROM sqlite_master
 WHERE type = 'table' AND NOT name = 'sqlite_sequence'
[0m
INFO: Loading initializer /Users/rodrigobammann/Projects/sinis/heroku_branches/spree_test/vendor/extensions/site/config/initializers/session_store.rb
INFO: Loading routes from /Users/rodrigobammann/.gem/ruby/1.8/gems/spree-0.11.0/vendor/extensions/api/config/routes.rb
INFO: Loading routes from /Users/rodrigobammann/.gem/ruby/1.8/gems/spree-0.11.0/vendor/extensions/overview_dashboard/config/routes.rb
INFO: Loading routes from /Users/rodrigobammann/.gem/ruby/1.8/gems/spree-0.11.0/vendor/extensions/payment_gateway/config/routes.rb
INFO: Loading routes from /Users/rodrigobammann/Projects/sinis/heroku_branches/spree_test/vendor/extensions/site/config/routes.rb
  [4;36;1mSQL (0.3ms)[0m   [0;1m SELECT name
 FROM sqlite_master
 WHERE type = 'table' AND NOT name = 'sqlite_sequence'
[0m


Processing ProductsController#index (for 127.0.0.1 at 2010-08-15 21:32:46) [GET]
  Parameters: {"action"=>"index", "controller"=>"products"}
  [4;35;1mSQL (0.2ms)[0m   [0m SELECT name
 FROM sqlite_master
 WHERE type = 'table' AND NOT name = 'sqlite_sequence'
[0m
  [4;36;1mSQL (0.2ms)[0m   [0;1m SELECT name
 FROM sqlite_master
 WHERE type = 'table' AND NOT name = 'sqlite_sequence'
[0m

ActiveRecord::StatementInvalid (Could not find table 'product_groups'):
  spree (0.11.0) lib/spree/search.rb:25:in `new'
  spree (0.11.0) lib/spree/search.rb:25:in `retrieve_products'
  spree (0.11.0) app/controllers/products_controller.rb:31:in `collection'

Rendered rescues/_trace (39.3ms)
Rendered rescues/_request_and_response (1.9ms)
Rendering rescues/layout (internal_server_error)
  [4;35;1mSQL (1.3ms)[0m   [0m SELECT name
 FROM sqlite_master
 WHERE type = 'table' AND NOT name = 'sqlite_sequence'
[0m
  [4;36;1mSQL (0.2ms)[0m   [0;1m SELECT name
 FROM sqlite_master
 WHERE type = 'table' AND NOT name = 'sqlite_sequence'
[0m
  [4;35;1mSQL (0.1ms)[0m   [0m SELECT name
 FROM sqlite_master
 WHERE type = 'table' AND NOT name = 'sqlite_sequence'
[0m
  [4;36;1mSQL (0.1ms)[0m   [0;1m SELECT name
 FROM sqlite_master
 WHERE type = 'table' AND NOT name = 'sqlite_sequence'
[0m
  [4;35;1mSQL (0.1ms)[0m   [0m SELECT name
 FROM sqlite_master
 WHERE type = 'table' AND NOT name = 'sqlite_sequence'
[0m
  [4;36;1mSQL (0.1ms)[0m   [0;1m SELECT name
 FROM sqlite_master
 WHERE type = 'table' AND NOT name = 'sqlite_sequence'
[0m
  [4;35;1mSQL (0.1ms)[0m   [0m SELECT name
 FROM sqlite_master
 WHERE type = 'table' AND NOT name = 'sqlite_sequence'
[0m
INFO: Mirroring assets from /Users/rodrigobammann/.gem/ruby/1.8/gems/spree-0.11.0/vendor/extensions/theme_default/public to /Users/rodrigobammann/Projects/sinis/heroku_branches/spree_test/public
INFO: Mirroring assets from /Users/rodrigobammann/.gem/ruby/1.8/gems/spree-0.11.0/vendor/extensions/overview_dashboard/public to /Users/rodrigobammann/Projects/sinis/heroku_branches/spree_test/public
INFO: Mirroring assets from /Users/rodrigobammann/.gem/ruby/1.8/gems/spree-0.11.0/vendor/extensions/payment_gateway/public to /Users/rodrigobammann/Projects/sinis/heroku_branches/spree_test/public
INFO: Mirroring assets from /Users/rodrigobammann/Projects/sinis/heroku_branches/spree_test/vendor/extensions/site/public to /Users/rodrigobammann/Projects/sinis/heroku_branches/spree_test/public
INFO: Loading mail preferences
  [4;36;1mSQL (0.4ms)[0m   [0;1m SELECT name
 FROM sqlite_master
 WHERE type = 'table' AND NOT name = 'sqlite_sequence'
[0m
=========================================================================
ERROR: Something went wrong while loading mail preferences
       Verify you created a default configuration in admin/configurations
=========================================================================
  [4;35;1mSQL (0.2ms)[0m   [0m SELECT name
 FROM sqlite_master
 WHERE type = 'table' AND NOT name = 'sqlite_sequence'
[0m
  [4;36;1mSQL (0.2ms)[0m   [0;1m SELECT name
 FROM sqlite_master
 WHERE type = 'table' AND NOT name = 'sqlite_sequence'
[0m
  [4;35;1mSQL (0.1ms)[0m   [0m SELECT name
 FROM sqlite_master
 WHERE type = 'table' AND NOT name = 'sqlite_sequence'
[0m
  [4;36;1mSQL (0.1ms)[0m   [0;1m SELECT name
 FROM sqlite_master
 WHERE type = 'table' AND NOT name = 'sqlite_sequence'
[0m
  [4;35;1mSQL (0.1ms)[0m   [0m SELECT name
 FROM sqlite_master
 WHERE type = 'table' AND NOT name = 'sqlite_sequence'
[0m
  [4;36;1mSQL (0.1ms)[0m   [0;1m SELECT name
 FROM sqlite_master
 WHERE type = 'table' AND NOT name = 'sqlite_sequence'
[0m
  [4;35;1mSQL (0.1ms)[0m   [0m SELECT name
 FROM sqlite_master
 WHERE type = 'table' AND NOT name = 'sqlite_sequence'
[0m
INFO: Loading initializer /Users/rodrigobammann/Projects/sinis/heroku_branches/spree_test/vendor/extensions/site/config/initializers/session_store.rb
INFO: Loading routes from /Users/rodrigobammann/.gem/ruby/1.8/gems/spree-0.11.0/vendor/extensions/api/config/routes.rb
INFO: Loading routes from /Users/rodrigobammann/.gem/ruby/1.8/gems/spree-0.11.0/vendor/extensions/overview_dashboard/config/routes.rb
INFO: Loading routes from /Users/rodrigobammann/.gem/ruby/1.8/gems/spree-0.11.0/vendor/extensions/payment_gateway/config/routes.rb
INFO: Loading routes from /Users/rodrigobammann/Projects/sinis/heroku_branches/spree_test/vendor/extensions/site/config/routes.rb
INFO: Mirroring assets from /Users/rodrigobammann/.gem/ruby/1.8/gems/spree-0.11.0/vendor/extensions/theme_default/public to /Users/rodrigobammann/Projects/sinis/heroku_branches/spree_test/public
INFO: Mirroring assets from /Users/rodrigobammann/.gem/ruby/1.8/gems/spree-0.11.0/vendor/extensions/overview_dashboard/public to /Users/rodrigobammann/Projects/sinis/heroku_branches/spree_test/public
INFO: Mirroring assets from /Users/rodrigobammann/.gem/ruby/1.8/gems/spree-0.11.0/vendor/extensions/payment_gateway/public to /Users/rodrigobammann/Projects/sinis/heroku_branches/spree_test/public
INFO: Mirroring assets from /Users/rodrigobammann/Projects/sinis/heroku_branches/spree_test/vendor/extensions/site/public to /Users/rodrigobammann/Projects/sinis/heroku_branches/spree_test/public
INFO: Loading mail preferences
  [4;36;1mSQL (0.3ms)[0m   [0;1m SELECT name
 FROM sqlite_master
 WHERE type = 'table' AND NOT name = 'sqlite_sequence'
[0m
=========================================================================
ERROR: Something went wrong while loading mail preferences
       Verify you created a default configuration in admin/configurations
=========================================================================
  [4;35;1mSQL (0.2ms)[0m   [0m SELECT name
 FROM sqlite_master
 WHERE type = 'table' AND NOT name = 'sqlite_sequence'
[0m
  [4;36;1mSQL (0.2ms)[0m   [0;1m SELECT name
 FROM sqlite_master
 WHERE type = 'table' AND NOT name = 'sqlite_sequence'
[0m
  [4;35;1mSQL (0.1ms)[0m   [0m SELECT name
 FROM sqlite_master
 WHERE type = 'table' AND NOT name = 'sqlite_sequence'
[0m
  [4;36;1mSQL (0.1ms)[0m   [0;1m SELECT name
 FROM sqlite_master
 WHERE type = 'table' AND NOT name = 'sqlite_sequence'
[0m
  [4;35;1mSQL (0.1ms)[0m   [0m SELECT name
 FROM sqlite_master
 WHERE type = 'table' AND NOT name = 'sqlite_sequence'
[0m
  [4;36;1mSQL (0.1ms)[0m   [0;1m SELECT name
 FROM sqlite_master
 WHERE type = 'table' AND NOT name = 'sqlite_sequence'
[0m
  [4;35;1mSQL (0.1ms)[0m   [0m SELECT name
 FROM sqlite_master
 WHERE type = 'table' AND NOT name = 'sqlite_sequence'
[0m
INFO: Loading initializer /Users/rodrigobammann/Projects/sinis/heroku_branches/spree_test/vendor/extensions/site/config/initializers/session_store.rb
INFO: Loading routes from /Users/rodrigobammann/.gem/ruby/1.8/gems/spree-0.11.0/vendor/extensions/api/config/routes.rb
INFO: Loading routes from /Users/rodrigobammann/.gem/ruby/1.8/gems/spree-0.11.0/vendor/extensions/overview_dashboard/config/routes.rb
INFO: Loading routes from /Users/rodrigobammann/.gem/ruby/1.8/gems/spree-0.11.0/vendor/extensions/payment_gateway/config/routes.rb
INFO: Loading routes from /Users/rodrigobammann/Projects/sinis/heroku_branches/spree_test/vendor/extensions/site/config/routes.rb
INFO: Mirroring assets from /Users/rodrigobammann/.gem/ruby/1.8/gems/spree-0.11.0/vendor/extensions/theme_default/public to /Users/rodrigobammann/Projects/sinis/heroku_branches/spree_test/public
INFO: Mirroring assets from /Users/rodrigobammann/.gem/ruby/1.8/gems/spree-0.11.0/vendor/extensions/overview_dashboard/public to /Users/rodrigobammann/Projects/sinis/heroku_branches/spree_test/public
INFO: Mirroring assets from /Users/rodrigobammann/.gem/ruby/1.8/gems/spree-0.11.0/vendor/extensions/payment_gateway/public to /Users/rodrigobammann/Projects/sinis/heroku_branches/spree_test/public
INFO: Mirroring assets from /Users/rodrigobammann/Projects/sinis/heroku_branches/spree_test/vendor/extensions/site/public to /Users/rodrigobammann/Projects/sinis/heroku_branches/spree_test/public
INFO: Loading mail preferences
  [4;36;1mSQL (0.3ms)[0m   [0;1m SELECT name
 FROM sqlite_master
 WHERE type = 'table' AND NOT name = 'sqlite_sequence'
[0m
=========================================================================
ERROR: Something went wrong while loading mail preferences
       Verify you created a default configuration in admin/configurations
=========================================================================
  [4;35;1mSQL (0.2ms)[0m   [0m SELECT name
 FROM sqlite_master
 WHERE type = 'table' AND NOT name = 'sqlite_sequence'
[0m
  [4;36;1mSQL (0.2ms)[0m   [0;1m SELECT name
 FROM sqlite_master
 WHERE type = 'table' AND NOT name = 'sqlite_sequence'
[0m
  [4;35;1mSQL (0.1ms)[0m   [0m SELECT name
 FROM sqlite_master
 WHERE type = 'table' AND NOT name = 'sqlite_sequence'
[0m
  [4;36;1mSQL (0.1ms)[0m   [0;1m SELECT name
 FROM sqlite_master
 WHERE type = 'table' AND NOT name = 'sqlite_sequence'
[0m
  [4;35;1mSQL (0.1ms)[0m   [0m SELECT name
 FROM sqlite_master
 WHERE type = 'table' AND NOT name = 'sqlite_sequence'
[0m
  [4;36;1mSQL (0.1ms)[0m   [0;1m SELECT name
 FROM sqlite_master
 WHERE type = 'table' AND NOT name = 'sqlite_sequence'
[0m
  [4;35;1mSQL (0.1ms)[0m   [0m SELECT name
 FROM sqlite_master
 WHERE type = 'table' AND NOT name = 'sqlite_sequence'
[0m
INFO: Loading initializer /Users/rodrigobammann/Projects/sinis/heroku_branches/spree_test/vendor/extensions/site/config/initializers/session_store.rb
INFO: Loading routes from /Users/rodrigobammann/.gem/ruby/1.8/gems/spree-0.11.0/vendor/extensions/api/config/routes.rb
INFO: Loading routes from /Users/rodrigobammann/.gem/ruby/1.8/gems/spree-0.11.0/vendor/extensions/overview_dashboard/config/routes.rb
INFO: Loading routes from /Users/rodrigobammann/.gem/ruby/1.8/gems/spree-0.11.0/vendor/extensions/payment_gateway/config/routes.rb
INFO: Loading routes from /Users/rodrigobammann/Projects/sinis/heroku_branches/spree_test/vendor/extensions/site/config/routes.rb
  [4;36;1mSQL (0.3ms)[0m   [0;1m SELECT name
 FROM sqlite_master
 WHERE type = 'table' AND NOT name = 'sqlite_sequence'
[0m


Processing ProductsController#index (for 127.0.0.1 at 2010-08-15 23:33:22) [GET]
  Parameters: {"action"=>"index", "controller"=>"products"}
  [4;35;1mSQL (0.2ms)[0m   [0m SELECT name
 FROM sqlite_master
 WHERE type = 'table' AND NOT name = 'sqlite_sequence'
[0m
  [4;36;1mSQL (0.2ms)[0m   [0;1m SELECT name
 FROM sqlite_master
 WHERE type = 'table' AND NOT name = 'sqlite_sequence'
[0m

ActiveRecord::StatementInvalid (Could not find table 'product_groups'):
  spree (0.11.0) lib/spree/search.rb:25:in `new'
  spree (0.11.0) lib/spree/search.rb:25:in `retrieve_products'
  spree (0.11.0) app/controllers/products_controller.rb:31:in `collection'

Rendered rescues/_trace (40.8ms)
Rendered rescues/_request_and_response (1.6ms)
Rendering rescues/layout (internal_server_error)
  [4;35;1mSQL (0.3ms)[0m   [0m SELECT name
 FROM sqlite_master
 WHERE type = 'table' AND NOT name = 'sqlite_sequence'
[0m
  [4;36;1mSQL (0.2ms)[0m   [0;1m SELECT name
 FROM sqlite_master
 WHERE type = 'table' AND NOT name = 'sqlite_sequence'
[0m
  [4;35;1mSQL (0.1ms)[0m   [0m SELECT name
 FROM sqlite_master
 WHERE type = 'table' AND NOT name = 'sqlite_sequence'
[0m
  [4;36;1mSQL (0.1ms)[0m   [0;1m SELECT name
 FROM sqlite_master
 WHERE type = 'table' AND NOT name = 'sqlite_sequence'
[0m
  [4;35;1mSQL (0.1ms)[0m   [0m SELECT name
 FROM sqlite_master
 WHERE type = 'table' AND NOT name = 'sqlite_sequence'
[0m
  [4;36;1mSQL (0.1ms)[0m   [0;1m SELECT name
 FROM sqlite_master
 WHERE type = 'table' AND NOT name = 'sqlite_sequence'
[0m
  [4;35;1mSQL (0.1ms)[0m   [0m SELECT name
 FROM sqlite_master
 WHERE type = 'table' AND NOT name = 'sqlite_sequence'
[0m
INFO: Mirroring assets from /Users/rodrigobammann/.gem/ruby/1.8/gems/spree-0.11.0/vendor/extensions/theme_default/public to /Users/rodrigobammann/Projects/sinis/heroku_branches/spree_test/public
INFO: Mirroring assets from /Users/rodrigobammann/.gem/ruby/1.8/gems/spree-0.11.0/vendor/extensions/overview_dashboard/public to /Users/rodrigobammann/Projects/sinis/heroku_branches/spree_test/public
INFO: Mirroring assets from /Users/rodrigobammann/.gem/ruby/1.8/gems/spree-0.11.0/vendor/extensions/payment_gateway/public to /Users/rodrigobammann/Projects/sinis/heroku_branches/spree_test/public
INFO: Mirroring assets from /Users/rodrigobammann/Projects/sinis/heroku_branches/spree_test/vendor/extensions/site/public to /Users/rodrigobammann/Projects/sinis/heroku_branches/spree_test/public
INFO: Loading mail preferences
  [4;36;1mSQL (0.3ms)[0m   [0;1m SELECT name
 FROM sqlite_master
 WHERE type = 'table' AND NOT name = 'sqlite_sequence'
[0m
=========================================================================
ERROR: Something went wrong while loading mail preferences
       Verify you created a default configuration in admin/configurations
=========================================================================
  [4;35;1mSQL (0.2ms)[0m   [0m SELECT name
 FROM sqlite_master
 WHERE type = 'table' AND NOT name = 'sqlite_sequence'
[0m
  [4;36;1mSQL (0.2ms)[0m   [0;1m SELECT name
 FROM sqlite_master
 WHERE type = 'table' AND NOT name = 'sqlite_sequence'
[0m
  [4;35;1mSQL (0.1ms)[0m   [0m SELECT name
 FROM sqlite_master
 WHERE type = 'table' AND NOT name = 'sqlite_sequence'
[0m
  [4;36;1mSQL (0.1ms)[0m   [0;1m SELECT name
 FROM sqlite_master
 WHERE type = 'table' AND NOT name = 'sqlite_sequence'
[0m
  [4;35;1mSQL (0.1ms)[0m   [0m SELECT name
 FROM sqlite_master
 WHERE type = 'table' AND NOT name = 'sqlite_sequence'
[0m
  [4;36;1mSQL (0.1ms)[0m   [0;1m SELECT name
 FROM sqlite_master
 WHERE type = 'table' AND NOT name = 'sqlite_sequence'
[0m
  [4;35;1mSQL (0.1ms)[0m   [0m SELECT name
 FROM sqlite_master
 WHERE type = 'table' AND NOT name = 'sqlite_sequence'
[0m
INFO: Loading initializer /Users/rodrigobammann/Projects/sinis/heroku_branches/spree_test/vendor/extensions/site/config/initializers/session_store.rb
INFO: Loading routes from /Users/rodrigobammann/.gem/ruby/1.8/gems/spree-0.11.0/vendor/extensions/api/config/routes.rb
INFO: Loading routes from /Users/rodrigobammann/.gem/ruby/1.8/gems/spree-0.11.0/vendor/extensions/overview_dashboard/config/routes.rb
INFO: Loading routes from /Users/rodrigobammann/.gem/ruby/1.8/gems/spree-0.11.0/vendor/extensions/payment_gateway/config/routes.rb
INFO: Loading routes from /Users/rodrigobammann/Projects/sinis/heroku_branches/spree_test/vendor/extensions/site/config/routes.rb
  [4;36;1mSQL (0.3ms)[0m   [0;1m SELECT name
 FROM sqlite_master
 WHERE type = 'table' AND NOT name = 'sqlite_sequence'
[0m


Processing ProductsController#index (for 127.0.0.1 at 2010-08-15 23:34:13) [GET]
  Parameters: {"action"=>"index", "controller"=>"products"}
  [4;35;1mSQL (0.2ms)[0m   [0m SELECT name
 FROM sqlite_master
 WHERE type = 'table' AND NOT name = 'sqlite_sequence'
[0m
  [4;36;1mSQL (0.1ms)[0m   [0;1m SELECT name
 FROM sqlite_master
 WHERE type = 'table' AND NOT name = 'sqlite_sequence'
[0m

ActiveRecord::StatementInvalid (Could not find table 'product_groups'):
  spree (0.11.0) lib/spree/search.rb:25:in `new'
  spree (0.11.0) lib/spree/search.rb:25:in `retrieve_products'
  spree (0.11.0) app/controllers/products_controller.rb:31:in `collection'

Rendered rescues/_trace (46.6ms)
Rendered rescues/_request_and_response (1.4ms)
Rendering rescues/layout (internal_server_error)
  [4;35;1mSQL (0.2ms)[0m   [0m SELECT name
 FROM sqlite_master
 WHERE type = 'table' AND NOT name = 'sqlite_sequence'
[0m
  [4;36;1mSQL (0.2ms)[0m   [0;1m SELECT name
 FROM sqlite_master
 WHERE type = 'table' AND NOT name = 'sqlite_sequence'
[0m
  [4;35;1mSQL (0.1ms)[0m   [0m SELECT name
 FROM sqlite_master
 WHERE type = 'table' AND NOT name = 'sqlite_sequence'
[0m
  [4;36;1mSQL (0.1ms)[0m   [0;1m SELECT name
 FROM sqlite_master
 WHERE type = 'table' AND NOT name = 'sqlite_sequence'
[0m
  [4;35;1mSQL (0.1ms)[0m   [0m SELECT name
 FROM sqlite_master
 WHERE type = 'table' AND NOT name = 'sqlite_sequence'
[0m
  [4;36;1mSQL (0.1ms)[0m   [0;1m SELECT name
 FROM sqlite_master
 WHERE type = 'table' AND NOT name = 'sqlite_sequence'
[0m
  [4;35;1mSQL (0.1ms)[0m   [0m SELECT name
 FROM sqlite_master
 WHERE type = 'table' AND NOT name = 'sqlite_sequence'
[0m
  [4;36;1mSQL (0.2ms)[0m   [0;1m SELECT name
 FROM sqlite_master
 WHERE type = 'table' AND NOT name = 'sqlite_sequence'
[0m


Processing ContentController#show (for 127.0.0.1 at 2010-08-15 23:34:14) [GET]
  Parameters: {"action"=>"show", "controller"=>"content", "path"=>["favicon.ico"]}
  [4;35;1mSQL (0.2ms)[0m   [0m SELECT name
 FROM sqlite_master
 WHERE type = 'table' AND NOT name = 'sqlite_sequence'
[0m
Rendering /Users/rodrigobammann/Projects/sinis/heroku_branches/spree_test/public/404.html (404 Not Found)
  [4;36;1mSQL (0.2ms)[0m   [0;1m SELECT name
 FROM sqlite_master
 WHERE type = 'table' AND NOT name = 'sqlite_sequence'
[0m
  [4;35;1mSQL (0.2ms)[0m   [0m SELECT name
 FROM sqlite_master
 WHERE type = 'table' AND NOT name = 'sqlite_sequence'
[0m
  [4;36;1mSQL (0.1ms)[0m   [0;1m SELECT name
 FROM sqlite_master
 WHERE type = 'table' AND NOT name = 'sqlite_sequence'
[0m
  [4;35;1mSQL (0.1ms)[0m   [0m SELECT name
 FROM sqlite_master
 WHERE type = 'table' AND NOT name = 'sqlite_sequence'
[0m
  [4;36;1mSQL (0.1ms)[0m   [0;1m SELECT name
 FROM sqlite_master
 WHERE type = 'table' AND NOT name = 'sqlite_sequence'
[0m
  [4;35;1mSQL (0.1ms)[0m   [0m SELECT name
 FROM sqlite_master
 WHERE type = 'table' AND NOT name = 'sqlite_sequence'
[0m
  [4;36;1mSQL (0.1ms)[0m   [0;1m SELECT name
 FROM sqlite_master
 WHERE type = 'table' AND NOT name = 'sqlite_sequence'
[0m
  [4;35;1mSQL (0.3ms)[0m   [0m SELECT name
 FROM sqlite_master
 WHERE type = 'table' AND NOT name = 'sqlite_sequence'
[0m


Processing ProductsController#index (for 127.0.0.1 at 2010-08-15 23:34:17) [GET]
  Parameters: {"action"=>"index", "controller"=>"products"}
  [4;36;1mSQL (0.2ms)[0m   [0;1m SELECT name
 FROM sqlite_master
 WHERE type = 'table' AND NOT name = 'sqlite_sequence'
[0m
  [4;35;1mSQL (0.1ms)[0m   [0m SELECT name
 FROM sqlite_master
 WHERE type = 'table' AND NOT name = 'sqlite_sequence'
[0m

ActiveRecord::StatementInvalid (Could not find table 'product_groups'):
  spree (0.11.0) lib/spree/search.rb:25:in `new'
  spree (0.11.0) lib/spree/search.rb:25:in `retrieve_products'
  spree (0.11.0) app/controllers/products_controller.rb:31:in `collection'

Rendered rescues/_trace (36.9ms)
Rendered rescues/_request_and_response (0.3ms)
Rendering rescues/layout (internal_server_error)
  [4;36;1mSQL (0.2ms)[0m   [0;1m SELECT name
 FROM sqlite_master
 WHERE type = 'table' AND NOT name = 'sqlite_sequence'
[0m
  [4;35;1mSQL (0.2ms)[0m   [0m SELECT name
 FROM sqlite_master
 WHERE type = 'table' AND NOT name = 'sqlite_sequence'
[0m
  [4;36;1mSQL (0.1ms)[0m   [0;1m SELECT name
 FROM sqlite_master
 WHERE type = 'table' AND NOT name = 'sqlite_sequence'
[0m
  [4;35;1mSQL (0.1ms)[0m   [0m SELECT name
 FROM sqlite_master
 WHERE type = 'table' AND NOT name = 'sqlite_sequence'
[0m
  [4;36;1mSQL (0.1ms)[0m   [0;1m SELECT name
 FROM sqlite_master
 WHERE type = 'table' AND NOT name = 'sqlite_sequence'
[0m
  [4;35;1mSQL (0.1ms)[0m   [0m SELECT name
 FROM sqlite_master
 WHERE type = 'table' AND NOT name = 'sqlite_sequence'
[0m
  [4;36;1mSQL (0.1ms)[0m   [0;1m SELECT name
 FROM sqlite_master
 WHERE type = 'table' AND NOT name = 'sqlite_sequence'
[0m
  [4;36;1mSQL (4.1ms)[0m   [0;1m SELECT name
 FROM sqlite_master
 WHERE type = 'table' AND NOT name = 'sqlite_sequence'
[0m
  [4;35;1mUser Load IDs For Limited Eager Loading (3.1ms)[0m   [0mSELECT DISTINCT "users".id FROM "users" LEFT OUTER JOIN "roles_users" ON "roles_users".user_id = "users".id LEFT OUTER JOIN "roles" ON "roles".id = "roles_users".role_id WHERE (roles.name = 'admin') LIMIT 1[0m
  [4;36;1mUser Load Including Associations (0.9ms)[0m   [0;1mSELECT "users"."id" AS t0_r0, "users"."email" AS t0_r1, "users"."crypted_password" AS t0_r2, "users"."salt" AS t0_r3, "users"."remember_token" AS t0_r4, "users"."remember_token_expires_at" AS t0_r5, "users"."created_at" AS t0_r6, "users"."updated_at" AS t0_r7, "users"."persistence_token" AS t0_r8, "users"."single_access_token" AS t0_r9, "users"."perishable_token" AS t0_r10, "users"."login_count" AS t0_r11, "users"."failed_login_count" AS t0_r12, "users"."last_request_at" AS t0_r13, "users"."current_login_at" AS t0_r14, "users"."last_login_at" AS t0_r15, "users"."current_login_ip" AS t0_r16, "users"."last_login_ip" AS t0_r17, "users"."login" AS t0_r18, "users"."ship_address_id" AS t0_r19, "users"."bill_address_id" AS t0_r20, "users"."openid_identifier" AS t0_r21, "users"."api_key" AS t0_r22, "roles"."id" AS t1_r0, "roles"."name" AS t1_r1 FROM "users" LEFT OUTER JOIN "roles_users" ON "roles_users".user_id = "users".id LEFT OUTER JOIN "roles" ON "roles".id = "roles_users".role_id WHERE (roles.name = 'admin') AND "users".id IN (1068482856) [0m


Processing ProductsController#index (for 127.0.0.1 at 2010-08-15 23:42:23) [GET]
  Parameters: {"action"=>"index", "controller"=>"products"}
Cache miss: Spree::Config ({})
  [4;35;1mPreference Load (0.2ms)[0m   [0mSELECT * FROM "preferences" WHERE ("preferences".owner_id = 1 AND "preferences".owner_type = 'Configuration') [0m
Cache write (will save 0.78ms): Spree::Config
Cache hit: Spree::Config ({})
  [4;36;1mSQL (2.4ms)[0m   [0;1m SELECT name
 FROM sqlite_master
 WHERE type = 'table' AND NOT name = 'sqlite_sequence'
[0m
  [4;35;1mSQL (2.3ms)[0m   [0m SELECT name
 FROM sqlite_master
 WHERE type = 'table' AND NOT name = 'sqlite_sequence'
[0m
  [4;36;1mSQL (2.3ms)[0m   [0;1m SELECT name
 FROM sqlite_master
 WHERE type = 'table' AND NOT name = 'sqlite_sequence'
[0m
Cache hit: Spree::Config ({})
  [4;35;1mProduct Load (2.0ms)[0m   [0mSELECT * FROM "products" WHERE ((products.available_on <= '2010-08-16 02:42:23') AND (products.deleted_at is null)) [0m
  [4;36;1mSQL (0.4ms)[0m   [0;1mSELECT count(*) AS count_all FROM "products" WHERE ((products.available_on <= '2010-08-16 02:42:23') AND (products.deleted_at is null)) [0m
Rendering template within layouts/spree_application
Rendering products/index
  [4;35;1mTaxonomy Load (0.6ms)[0m   [0mSELECT * FROM "taxonomies" [0m
  [4;36;1mSQL (3.0ms)[0m   [0;1m SELECT name
 FROM sqlite_master
 WHERE type = 'table' AND NOT name = 'sqlite_sequence'
[0m
  [4;35;1mProperty Load (0.4ms)[0m   [0mSELECT * FROM "properties" WHERE ("properties"."name" = 'brand') LIMIT 1[0m
  [4;36;1mSQL (2.6ms)[0m   [0;1m SELECT name
 FROM sqlite_master
 WHERE type = 'table' AND NOT name = 'sqlite_sequence'
[0m
  [4;35;1mTaxon Load (4.1ms)[0m   [0mSELECT "taxons".* FROM "taxons" WHERE ("taxons".taxonomy_id IN (475199832,854451430) AND (parent_id is null)) [0m
  [4;36;1mTaxon Load (2.0ms)[0m   [0;1mSELECT "taxons".* FROM "taxons" WHERE ("taxons".parent_id IN (20000,1000)) ORDER BY "lft"[0m
Rendered shared/_taxonomies (58.5ms)
Cache hit: Spree::Config ({})
  [4;35;1mSQL (0.3ms)[0m   [0mSELECT count(*) AS count_all FROM "assets" WHERE ("assets".viewable_id = 187438981 AND "assets".viewable_type = 'Product') AND ( ("assets"."type" = 'Image' ) ) [0m
  [4;36;1mImage Load (0.8ms)[0m   [0;1mSELECT * FROM "assets" WHERE ("assets".viewable_id = 187438981 AND "assets".viewable_type = 'Product') AND ( ("assets"."type" = 'Image' ) ) ORDER BY position LIMIT 1[0m
Cache hit: Spree::Config ({})
  [4;35;1mVariant Load (0.4ms)[0m   [0mSELECT * FROM "variants" WHERE ("variants".product_id = 187438981 AND (variants.is_master = 't' AND variants.deleted_at IS NULL)) LIMIT 1[0m
Cache hit: Spree::Config ({})
Cache hit: Spree::Config ({})
Cache hit: Spree::Config ({})
  [4;36;1mSQL (0.3ms)[0m   [0;1mSELECT count(*) AS count_all FROM "assets" WHERE ("assets".viewable_id = 248786582 AND "assets".viewable_type = 'Product') AND ( ("assets"."type" = 'Image' ) ) [0m
  [4;35;1mImage Load (0.7ms)[0m   [0mSELECT * FROM "assets" WHERE ("assets".viewable_id = 248786582 AND "assets".viewable_type = 'Product') AND ( ("assets"."type" = 'Image' ) ) ORDER BY position LIMIT 1[0m
Cache hit: Spree::Config ({})
  [4;36;1mVariant Load (0.3ms)[0m   [0;1mSELECT * FROM "variants" WHERE ("variants".product_id = 248786582 AND (variants.is_master = 't' AND variants.deleted_at IS NULL)) LIMIT 1[0m
Cache hit: Spree::Config ({})
Cache hit: Spree::Config ({})
Cache hit: Spree::Config ({})
  [4;35;1mSQL (0.3ms)[0m   [0mSELECT count(*) AS count_all FROM "assets" WHERE ("assets".viewable_id = 459084718 AND "assets".viewable_type = 'Product') AND ( ("assets"."type" = 'Image' ) ) [0m
  [4;36;1mImage Load (0.7ms)[0m   [0;1mSELECT * FROM "assets" WHERE ("assets".viewable_id = 459084718 AND "assets".viewable_type = 'Product') AND ( ("assets"."type" = 'Image' ) ) ORDER BY position LIMIT 1[0m
Cache hit: Spree::Config ({})
  [4;35;1mVariant Load (0.4ms)[0m   [0mSELECT * FROM "variants" WHERE ("variants".product_id = 459084718 AND (variants.is_master = 't' AND variants.deleted_at IS NULL)) LIMIT 1[0m
Cache hit: Spree::Config ({})
Cache hit: Spree::Config ({})
Cache hit: Spree::Config ({})
  [4;36;1mSQL (0.2ms)[0m   [0;1mSELECT count(*) AS count_all FROM "assets" WHERE ("assets".viewable_id = 569012001 AND "assets".viewable_type = 'Product') AND ( ("assets"."type" = 'Image' ) ) [0m
  [4;35;1mImage Load (0.7ms)[0m   [0mSELECT * FROM "assets" WHERE ("assets".viewable_id = 569012001 AND "assets".viewable_type = 'Product') AND ( ("assets"."type" = 'Image' ) ) ORDER BY position LIMIT 1[0m
Cache hit: Spree::Config ({})
  [4;36;1mVariant Load (0.3ms)[0m   [0;1mSELECT * FROM "variants" WHERE ("variants".product_id = 569012001 AND (variants.is_master = 't' AND variants.deleted_at IS NULL)) LIMIT 1[0m
Cache hit: Spree::Config ({})
Cache hit: Spree::Config ({})
Cache hit: Spree::Config ({})
  [4;35;1mSQL (0.2ms)[0m   [0mSELECT count(*) AS count_all FROM "assets" WHERE ("assets".viewable_id = 706676762 AND "assets".viewable_type = 'Product') AND ( ("assets"."type" = 'Image' ) ) [0m
  [4;36;1mImage Load (0.7ms)[0m   [0;1mSELECT * FROM "assets" WHERE ("assets".viewable_id = 706676762 AND "assets".viewable_type = 'Product') AND ( ("assets"."type" = 'Image' ) ) ORDER BY position LIMIT 1[0m
Cache hit: Spree::Config ({})
  [4;35;1mVariant Load (0.4ms)[0m   [0mSELECT * FROM "variants" WHERE ("variants".product_id = 706676762 AND (variants.is_master = 't' AND variants.deleted_at IS NULL)) LIMIT 1[0m
Cache hit: Spree::Config ({})
Cache hit: Spree::Config ({})
Cache hit: Spree::Config ({})
  [4;36;1mSQL (0.3ms)[0m   [0;1mSELECT count(*) AS count_all FROM "assets" WHERE ("assets".viewable_id = 723959550 AND "assets".viewable_type = 'Product') AND ( ("assets"."type" = 'Image' ) ) [0m
  [4;35;1mImage Load (0.8ms)[0m   [0mSELECT * FROM "assets" WHERE ("assets".viewable_id = 723959550 AND "assets".viewable_type = 'Product') AND ( ("assets"."type" = 'Image' ) ) ORDER BY position LIMIT 1[0m
Cache hit: Spree::Config ({})
  [4;36;1mVariant Load (0.4ms)[0m   [0;1mSELECT * FROM "variants" WHERE ("variants".product_id = 723959550 AND (variants.is_master = 't' AND variants.deleted_at IS NULL)) LIMIT 1[0m
Cache hit: Spree::Config ({})
Cache hit: Spree::Config ({})
Cache hit: Spree::Config ({})
  [4;35;1mSQL (0.3ms)[0m   [0mSELECT count(*) AS count_all FROM "assets" WHERE ("assets".viewable_id = 1025786064 AND "assets".viewable_type = 'Product') AND ( ("assets"."type" = 'Image' ) ) [0m
  [4;36;1mImage Load (0.8ms)[0m   [0;1mSELECT * FROM "assets" WHERE ("assets".viewable_id = 1025786064 AND "assets".viewable_type = 'Product') AND ( ("assets"."type" = 'Image' ) ) ORDER BY position LIMIT 1[0m
Cache hit: Spree::Config ({})
  [4;35;1mVariant Load (0.4ms)[0m   [0mSELECT * FROM "variants" WHERE ("variants".product_id = 1025786064 AND (variants.is_master = 't' AND variants.deleted_at IS NULL)) LIMIT 1[0m
Cache hit: Spree::Config ({})
Cache hit: Spree::Config ({})
Cache hit: Spree::Config ({})
  [4;36;1mSQL (0.3ms)[0m   [0;1mSELECT count(*) AS count_all FROM "assets" WHERE ("assets".viewable_id = 1035865702 AND "assets".viewable_type = 'Product') AND ( ("assets"."type" = 'Image' ) ) [0m
  [4;35;1mImage Load (0.7ms)[0m   [0mSELECT * FROM "assets" WHERE ("assets".viewable_id = 1035865702 AND "assets".viewable_type = 'Product') AND ( ("assets"."type" = 'Image' ) ) ORDER BY position LIMIT 1[0m
Cache hit: Spree::Config ({})
  [4;36;1mVariant Load (0.3ms)[0m   [0;1mSELECT * FROM "variants" WHERE ("variants".product_id = 1035865702 AND (variants.is_master = 't' AND variants.deleted_at IS NULL)) LIMIT 1[0m
Cache hit: Spree::Config ({})
Cache hit: Spree::Config ({})
Cache hit: Spree::Config ({})
  [4;35;1mSQL (0.3ms)[0m   [0mSELECT count(*) AS count_all FROM "assets" WHERE ("assets".viewable_id = 1060500592 AND "assets".viewable_type = 'Product') AND ( ("assets"."type" = 'Image' ) ) [0m
  [4;36;1mImage Load (0.7ms)[0m   [0;1mSELECT * FROM "assets" WHERE ("assets".viewable_id = 1060500592 AND "assets".viewable_type = 'Product') AND ( ("assets"."type" = 'Image' ) ) ORDER BY position LIMIT 1[0m
Cache hit: Spree::Config ({})
  [4;35;1mVariant Load (0.3ms)[0m   [0mSELECT * FROM "variants" WHERE ("variants".product_id = 1060500592 AND (variants.is_master = 't' AND variants.deleted_at IS NULL)) LIMIT 1[0m
Cache hit: Spree::Config ({})
Cache hit: Spree::Config ({})
Rendered shared/_products (65.3ms)
Cache hit: Spree::Config ({})
Cache hit: Spree::Config ({})
Rendered shared/_head (1.2ms)
  [4;36;1mTaxon Load (1.0ms)[0m   [0;1mSELECT * FROM "taxons" WHERE ("taxons"."parent_id" IS NULL) ORDER BY "lft"[0m
Rendered shared/_search (3.6ms)
Rendered shared/_login_bar (10.2ms)
Rendered shared/_store_menu (0.7ms)
Rendered shared/_nav_bar (15.5ms)
Cache hit: Spree::Config ({})
  [4;35;1mTracker Load (0.2ms)[0m   [0mSELECT * FROM "trackers" WHERE ("trackers"."environment" = 'development' AND "trackers"."active" = 't') LIMIT 1[0m
Rendered shared/_google_analytics (8.3ms)
Rendered shared/_footer (9.1ms)
Completed in 330ms (View: 130, DB: 44) | 200 OK [http://localhost/]


Processing ContentController#show (for 127.0.0.1 at 2010-08-15 23:42:24) [GET]
  Parameters: {"action"=>"show", "controller"=>"content", "path"=>["favicon.ico"]}
Cache hit: Spree::Config ({})
Rendering /Users/rodrigobammann/Projects/sinis/heroku_branches/spree_test/public/404.html (404 Not Found)


Processing ProductsController#index (for 127.0.0.1 at 2010-08-15 23:42:25) [GET]
  Parameters: {"action"=>"index", "controller"=>"products"}
Cache hit: Spree::Config ({})
Cache hit: Spree::Config ({})
Cache hit: Spree::Config ({})
  [4;36;1mProduct Load (2.4ms)[0m   [0;1mSELECT * FROM "products" WHERE ((products.available_on <= '2010-08-16 02:42:25') AND (products.deleted_at is null)) [0m
  [4;35;1mSQL (0.3ms)[0m   [0mSELECT count(*) AS count_all FROM "products" WHERE ((products.available_on <= '2010-08-16 02:42:25') AND (products.deleted_at is null)) [0m
Rendering template within layouts/spree_application
Rendering products/index
  [4;36;1mTaxonomy Load (0.4ms)[0m   [0;1mSELECT * FROM "taxonomies" [0m
  [4;35;1mTaxon Load (1.2ms)[0m   [0mSELECT "taxons".* FROM "taxons" WHERE ("taxons".taxonomy_id IN (475199832,854451430) AND (parent_id is null)) [0m
  [4;36;1mTaxon Load (2.2ms)[0m   [0;1mSELECT "taxons".* FROM "taxons" WHERE ("taxons".parent_id IN (20000,1000)) ORDER BY "lft"[0m
Rendered shared/_taxonomies (9.6ms)
Cache hit: Spree::Config ({})
  [4;35;1mSQL (0.3ms)[0m   [0mSELECT count(*) AS count_all FROM "assets" WHERE ("assets".viewable_id = 187438981 AND "assets".viewable_type = 'Product') AND ( ("assets"."type" = 'Image' ) ) [0m
  [4;36;1mImage Load (0.8ms)[0m   [0;1mSELECT * FROM "assets" WHERE ("assets".viewable_id = 187438981 AND "assets".viewable_type = 'Product') AND ( ("assets"."type" = 'Image' ) ) ORDER BY position LIMIT 1[0m
Cache hit: Spree::Config ({})
  [4;35;1mVariant Load (0.4ms)[0m   [0mSELECT * FROM "variants" WHERE ("variants".product_id = 187438981 AND (variants.is_master = 't' AND variants.deleted_at IS NULL)) LIMIT 1[0m
Cache hit: Spree::Config ({})
Cache hit: Spree::Config ({})
Cache hit: Spree::Config ({})
  [4;36;1mSQL (0.2ms)[0m   [0;1mSELECT count(*) AS count_all FROM "assets" WHERE ("assets".viewable_id = 248786582 AND "assets".viewable_type = 'Product') AND ( ("assets"."type" = 'Image' ) ) [0m
  [4;35;1mImage Load (0.7ms)[0m   [0mSELECT * FROM "assets" WHERE ("assets".viewable_id = 248786582 AND "assets".viewable_type = 'Product') AND ( ("assets"."type" = 'Image' ) ) ORDER BY position LIMIT 1[0m
Cache hit: Spree::Config ({})
  [4;36;1mVariant Load (0.3ms)[0m   [0;1mSELECT * FROM "variants" WHERE ("variants".product_id = 248786582 AND (variants.is_master = 't' AND variants.deleted_at IS NULL)) LIMIT 1[0m
Cache hit: Spree::Config ({})
Cache hit: Spree::Config ({})
Cache hit: Spree::Config ({})
  [4;35;1mSQL (0.2ms)[0m   [0mSELECT count(*) AS count_all FROM "assets" WHERE ("assets".viewable_id = 459084718 AND "assets".viewable_type = 'Product') AND ( ("assets"."type" = 'Image' ) ) [0m
  [4;36;1mImage Load (0.7ms)[0m   [0;1mSELECT * FROM "assets" WHERE ("assets".viewable_id = 459084718 AND "assets".viewable_type = 'Product') AND ( ("assets"."type" = 'Image' ) ) ORDER BY position LIMIT 1[0m
Cache hit: Spree::Config ({})
  [4;35;1mVariant Load (0.4ms)[0m   [0mSELECT * FROM "variants" WHERE ("variants".product_id = 459084718 AND (variants.is_master = 't' AND variants.deleted_at IS NULL)) LIMIT 1[0m
Cache hit: Spree::Config ({})
Cache hit: Spree::Config ({})
Cache hit: Spree::Config ({})
  [4;36;1mSQL (0.2ms)[0m   [0;1mSELECT count(*) AS count_all FROM "assets" WHERE ("assets".viewable_id = 569012001 AND "assets".viewable_type = 'Product') AND ( ("assets"."type" = 'Image' ) ) [0m
  [4;35;1mImage Load (0.7ms)[0m   [0mSELECT * FROM "assets" WHERE ("assets".viewable_id = 569012001 AND "assets".viewable_type = 'Product') AND ( ("assets"."type" = 'Image' ) ) ORDER BY position LIMIT 1[0m
Cache hit: Spree::Config ({})
  [4;36;1mVariant Load (0.3ms)[0m   [0;1mSELECT * FROM "variants" WHERE ("variants".product_id = 569012001 AND (variants.is_master = 't' AND variants.deleted_at IS NULL)) LIMIT 1[0m
Cache hit: Spree::Config ({})
Cache hit: Spree::Config ({})
Cache hit: Spree::Config ({})
  [4;35;1mSQL (0.2ms)[0m   [0mSELECT count(*) AS count_all FROM "assets" WHERE ("assets".viewable_id = 706676762 AND "assets".viewable_type = 'Product') AND ( ("assets"."type" = 'Image' ) ) [0m
  [4;36;1mImage Load (0.7ms)[0m   [0;1mSELECT * FROM "assets" WHERE ("assets".viewable_id = 706676762 AND "assets".viewable_type = 'Product') AND ( ("assets"."type" = 'Image' ) ) ORDER BY position LIMIT 1[0m
Cache hit: Spree::Config ({})
  [4;35;1mVariant Load (0.3ms)[0m   [0mSELECT * FROM "variants" WHERE ("variants".product_id = 706676762 AND (variants.is_master = 't' AND variants.deleted_at IS NULL)) LIMIT 1[0m
Cache hit: Spree::Config ({})
Cache hit: Spree::Config ({})
Cache hit: Spree::Config ({})
  [4;36;1mSQL (0.2ms)[0m   [0;1mSELECT count(*) AS count_all FROM "assets" WHERE ("assets".viewable_id = 723959550 AND "assets".viewable_type = 'Product') AND ( ("assets"."type" = 'Image' ) ) [0m
  [4;35;1mImage Load (0.8ms)[0m   [0mSELECT * FROM "assets" WHERE ("assets".viewable_id = 723959550 AND "assets".viewable_type = 'Product') AND ( ("assets"."type" = 'Image' ) ) ORDER BY position LIMIT 1[0m
Cache hit: Spree::Config ({})
  [4;36;1mVariant Load (0.4ms)[0m   [0;1mSELECT * FROM "variants" WHERE ("variants".product_id = 723959550 AND (variants.is_master = 't' AND variants.deleted_at IS NULL)) LIMIT 1[0m
Cache hit: Spree::Config ({})
Cache hit: Spree::Config ({})
Cache hit: Spree::Config ({})
  [4;35;1mSQL (0.2ms)[0m   [0mSELECT count(*) AS count_all FROM "assets" WHERE ("assets".viewable_id = 1025786064 AND "assets".viewable_type = 'Product') AND ( ("assets"."type" = 'Image' ) ) [0m
  [4;36;1mImage Load (0.7ms)[0m   [0;1mSELECT * FROM "assets" WHERE ("assets".viewable_id = 1025786064 AND "assets".viewable_type = 'Product') AND ( ("assets"."type" = 'Image' ) ) ORDER BY position LIMIT 1[0m
Cache hit: Spree::Config ({})
  [4;35;1mVariant Load (0.4ms)[0m   [0mSELECT * FROM "variants" WHERE ("variants".product_id = 1025786064 AND (variants.is_master = 't' AND variants.deleted_at IS NULL)) LIMIT 1[0m
Cache hit: Spree::Config ({})
Cache hit: Spree::Config ({})
Cache hit: Spree::Config ({})
  [4;36;1mSQL (0.5ms)[0m   [0;1mSELECT count(*) AS count_all FROM "assets" WHERE ("assets".viewable_id = 1035865702 AND "assets".viewable_type = 'Product') AND ( ("assets"."type" = 'Image' ) ) [0m
  [4;35;1mImage Load (0.9ms)[0m   [0mSELECT * FROM "assets" WHERE ("assets".viewable_id = 1035865702 AND "assets".viewable_type = 'Product') AND ( ("assets"."type" = 'Image' ) ) ORDER BY position LIMIT 1[0m
Cache hit: Spree::Config ({})
  [4;36;1mVariant Load (0.5ms)[0m   [0;1mSELECT * FROM "variants" WHERE ("variants".product_id = 1035865702 AND (variants.is_master = 't' AND variants.deleted_at IS NULL)) LIMIT 1[0m
Cache hit: Spree::Config ({})
Cache hit: Spree::Config ({})
Cache hit: Spree::Config ({})
  [4;35;1mSQL (0.3ms)[0m   [0mSELECT count(*) AS count_all FROM "assets" WHERE ("assets".viewable_id = 1060500592 AND "assets".viewable_type = 'Product') AND ( ("assets"."type" = 'Image' ) ) [0m
  [4;36;1mImage Load (0.8ms)[0m   [0;1mSELECT * FROM "assets" WHERE ("assets".viewable_id = 1060500592 AND "assets".viewable_type = 'Product') AND ( ("assets"."type" = 'Image' ) ) ORDER BY position LIMIT 1[0m
Cache hit: Spree::Config ({})
  [4;35;1mVariant Load (0.4ms)[0m   [0mSELECT * FROM "variants" WHERE ("variants".product_id = 1060500592 AND (variants.is_master = 't' AND variants.deleted_at IS NULL)) LIMIT 1[0m
Cache hit: Spree::Config ({})
Cache hit: Spree::Config ({})
Rendered shared/_products (149.7ms)
Cache hit: Spree::Config ({})
Cache hit: Spree::Config ({})
Rendered shared/_head (0.6ms)
  [4;36;1mTaxon Load (1.0ms)[0m   [0;1mSELECT * FROM "taxons" WHERE ("taxons"."parent_id" IS NULL) ORDER BY "lft"[0m
Rendered shared/_search (3.3ms)
Rendered shared/_login_bar (1.2ms)
Rendered shared/_store_menu (0.4ms)
Rendered shared/_nav_bar (5.6ms)
Cache hit: Spree::Config ({})
  [4;35;1mTracker Load (0.2ms)[0m   [0mSELECT * FROM "trackers" WHERE ("trackers"."environment" = 'development' AND "trackers"."active" = 't') LIMIT 1[0m
Rendered shared/_google_analytics (1.0ms)
Rendered shared/_footer (1.4ms)
Completed in 178ms (View: 152, DB: 20) | 200 OK [http://localhost/]


Processing ContentController#show (for 127.0.0.1 at 2010-08-15 23:42:26) [GET]
  Parameters: {"action"=>"show", "controller"=>"content", "path"=>["favicon.ico"]}
Cache hit: Spree::Config ({})
Rendering /Users/rodrigobammann/Projects/sinis/heroku_branches/spree_test/public/404.html (404 Not Found)


Processing ProductsController#index (for 127.0.0.1 at 2010-08-15 23:42:26) [GET]
  Parameters: {"action"=>"index", "controller"=>"products"}
Cache hit: Spree::Config ({})
Cache hit: Spree::Config ({})
Cache hit: Spree::Config ({})
  [4;36;1mProduct Load (1.7ms)[0m   [0;1mSELECT * FROM "products" WHERE ((products.available_on <= '2010-08-16 02:42:26') AND (products.deleted_at is null)) [0m
  [4;35;1mSQL (0.2ms)[0m   [0mSELECT count(*) AS count_all FROM "products" WHERE ((products.available_on <= '2010-08-16 02:42:26') AND (products.deleted_at is null)) [0m
Rendering template within layouts/spree_application
Rendering products/index
  [4;36;1mTaxonomy Load (0.4ms)[0m   [0;1mSELECT * FROM "taxonomies" [0m
  [4;35;1mTaxon Load (1.0ms)[0m   [0mSELECT "taxons".* FROM "taxons" WHERE ("taxons".taxonomy_id IN (475199832,854451430) AND (parent_id is null)) [0m
  [4;36;1mTaxon Load (2.0ms)[0m   [0;1mSELECT "taxons".* FROM "taxons" WHERE ("taxons".parent_id IN (20000,1000)) ORDER BY "lft"[0m
Rendered shared/_taxonomies (9.0ms)
Cache hit: Spree::Config ({})
  [4;35;1mSQL (0.3ms)[0m   [0mSELECT count(*) AS count_all FROM "assets" WHERE ("assets".viewable_id = 187438981 AND "assets".viewable_type = 'Product') AND ( ("assets"."type" = 'Image' ) ) [0m
  [4;36;1mImage Load (0.8ms)[0m   [0;1mSELECT * FROM "assets" WHERE ("assets".viewable_id = 187438981 AND "assets".viewable_type = 'Product') AND ( ("assets"."type" = 'Image' ) ) ORDER BY position LIMIT 1[0m
Cache hit: Spree::Config ({})
  [4;35;1mVariant Load (0.4ms)[0m   [0mSELECT * FROM "variants" WHERE ("variants".product_id = 187438981 AND (variants.is_master = 't' AND variants.deleted_at IS NULL)) LIMIT 1[0m
Cache hit: Spree::Config ({})
Cache hit: Spree::Config ({})
Cache hit: Spree::Config ({})
  [4;36;1mSQL (0.3ms)[0m   [0;1mSELECT count(*) AS count_all FROM "assets" WHERE ("assets".viewable_id = 248786582 AND "assets".viewable_type = 'Product') AND ( ("assets"."type" = 'Image' ) ) [0m
  [4;35;1mImage Load (0.8ms)[0m   [0mSELECT * FROM "assets" WHERE ("assets".viewable_id = 248786582 AND "assets".viewable_type = 'Product') AND ( ("assets"."type" = 'Image' ) ) ORDER BY position LIMIT 1[0m
Cache hit: Spree::Config ({})
  [4;36;1mVariant Load (0.4ms)[0m   [0;1mSELECT * FROM "variants" WHERE ("variants".product_id = 248786582 AND (variants.is_master = 't' AND variants.deleted_at IS NULL)) LIMIT 1[0m
Cache hit: Spree::Config ({})
Cache hit: Spree::Config ({})
Cache hit: Spree::Config ({})
  [4;35;1mSQL (0.2ms)[0m   [0mSELECT count(*) AS count_all FROM "assets" WHERE ("assets".viewable_id = 459084718 AND "assets".viewable_type = 'Product') AND ( ("assets"."type" = 'Image' ) ) [0m
  [4;36;1mImage Load (0.8ms)[0m   [0;1mSELECT * FROM "assets" WHERE ("assets".viewable_id = 459084718 AND "assets".viewable_type = 'Product') AND ( ("assets"."type" = 'Image' ) ) ORDER BY position LIMIT 1[0m
Cache hit: Spree::Config ({})
  [4;35;1mVariant Load (0.4ms)[0m   [0mSELECT * FROM "variants" WHERE ("variants".product_id = 459084718 AND (variants.is_master = 't' AND variants.deleted_at IS NULL)) LIMIT 1[0m
Cache hit: Spree::Config ({})
Cache hit: Spree::Config ({})
Cache hit: Spree::Config ({})
  [4;36;1mSQL (0.2ms)[0m   [0;1mSELECT count(*) AS count_all FROM "assets" WHERE ("assets".viewable_id = 569012001 AND "assets".viewable_type = 'Product') AND ( ("assets"."type" = 'Image' ) ) [0m
  [4;35;1mImage Load (0.7ms)[0m   [0mSELECT * FROM "assets" WHERE ("assets".viewable_id = 569012001 AND "assets".viewable_type = 'Product') AND ( ("assets"."type" = 'Image' ) ) ORDER BY position LIMIT 1[0m
Cache hit: Spree::Config ({})
  [4;36;1mVariant Load (0.4ms)[0m   [0;1mSELECT * FROM "variants" WHERE ("variants".product_id = 569012001 AND (variants.is_master = 't' AND variants.deleted_at IS NULL)) LIMIT 1[0m
Cache hit: Spree::Config ({})
Cache hit: Spree::Config ({})
Cache hit: Spree::Config ({})
  [4;35;1mSQL (0.2ms)[0m   [0mSELECT count(*) AS count_all FROM "assets" WHERE ("assets".viewable_id = 706676762 AND "assets".viewable_type = 'Product') AND ( ("assets"."type" = 'Image' ) ) [0m
  [4;36;1mImage Load (0.7ms)[0m   [0;1mSELECT * FROM "assets" WHERE ("assets".viewable_id = 706676762 AND "assets".viewable_type = 'Product') AND ( ("assets"."type" = 'Image' ) ) ORDER BY position LIMIT 1[0m
Cache hit: Spree::Config ({})
  [4;35;1mVariant Load (0.5ms)[0m   [0mSELECT * FROM "variants" WHERE ("variants".product_id = 706676762 AND (variants.is_master = 't' AND variants.deleted_at IS NULL)) LIMIT 1[0m
Cache hit: Spree::Config ({})
Cache hit: Spree::Config ({})
Cache hit: Spree::Config ({})
  [4;36;1mSQL (0.4ms)[0m   [0;1mSELECT count(*) AS count_all FROM "assets" WHERE ("assets".viewable_id = 723959550 AND "assets".viewable_type = 'Product') AND ( ("assets"."type" = 'Image' ) ) [0m
  [4;35;1mImage Load (1.0ms)[0m   [0mSELECT * FROM "assets" WHERE ("assets".viewable_id = 723959550 AND "assets".viewable_type = 'Product') AND ( ("assets"."type" = 'Image' ) ) ORDER BY position LIMIT 1[0m
Cache hit: Spree::Config ({})
  [4;36;1mVariant Load (0.5ms)[0m   [0;1mSELECT * FROM "variants" WHERE ("variants".product_id = 723959550 AND (variants.is_master = 't' AND variants.deleted_at IS NULL)) LIMIT 1[0m
Cache hit: Spree::Config ({})
Cache hit: Spree::Config ({})
Cache hit: Spree::Config ({})
  [4;35;1mSQL (0.4ms)[0m   [0mSELECT count(*) AS count_all FROM "assets" WHERE ("assets".viewable_id = 1025786064 AND "assets".viewable_type = 'Product') AND ( ("assets"."type" = 'Image' ) ) [0m
  [4;36;1mImage Load (1.2ms)[0m   [0;1mSELECT * FROM "assets" WHERE ("assets".viewable_id = 1025786064 AND "assets".viewable_type = 'Product') AND ( ("assets"."type" = 'Image' ) ) ORDER BY position LIMIT 1[0m
Cache hit: Spree::Config ({})
  [4;35;1mVariant Load (0.5ms)[0m   [0mSELECT * FROM "variants" WHERE ("variants".product_id = 1025786064 AND (variants.is_master = 't' AND variants.deleted_at IS NULL)) LIMIT 1[0m
Cache hit: Spree::Config ({})
Cache hit: Spree::Config ({})
Cache hit: Spree::Config ({})
  [4;36;1mSQL (0.3ms)[0m   [0;1mSELECT count(*) AS count_all FROM "assets" WHERE ("assets".viewable_id = 1035865702 AND "assets".viewable_type = 'Product') AND ( ("assets"."type" = 'Image' ) ) [0m
  [4;35;1mImage Load (0.8ms)[0m   [0mSELECT * FROM "assets" WHERE ("assets".viewable_id = 1035865702 AND "assets".viewable_type = 'Product') AND ( ("assets"."type" = 'Image' ) ) ORDER BY position LIMIT 1[0m
Cache hit: Spree::Config ({})
  [4;36;1mVariant Load (0.4ms)[0m   [0;1mSELECT * FROM "variants" WHERE ("variants".product_id = 1035865702 AND (variants.is_master = 't' AND variants.deleted_at IS NULL)) LIMIT 1[0m
Cache hit: Spree::Config ({})
Cache hit: Spree::Config ({})
Cache hit: Spree::Config ({})
  [4;35;1mSQL (0.2ms)[0m   [0mSELECT count(*) AS count_all FROM "assets" WHERE ("assets".viewable_id = 1060500592 AND "assets".viewable_type = 'Product') AND ( ("assets"."type" = 'Image' ) ) [0m
  [4;36;1mImage Load (0.7ms)[0m   [0;1mSELECT * FROM "assets" WHERE ("assets".viewable_id = 1060500592 AND "assets".viewable_type = 'Product') AND ( ("assets"."type" = 'Image' ) ) ORDER BY position LIMIT 1[0m
Cache hit: Spree::Config ({})
  [4;35;1mVariant Load (0.3ms)[0m   [0mSELECT * FROM "variants" WHERE ("variants".product_id = 1060500592 AND (variants.is_master = 't' AND variants.deleted_at IS NULL)) LIMIT 1[0m
Cache hit: Spree::Config ({})
Cache hit: Spree::Config ({})
Rendered shared/_products (55.5ms)
Cache hit: Spree::Config ({})
Cache hit: Spree::Config ({})
Rendered shared/_head (0.6ms)
  [4;36;1mTaxon Load (1.0ms)[0m   [0;1mSELECT * FROM "taxons" WHERE ("taxons"."parent_id" IS NULL) ORDER BY "lft"[0m
Rendered shared/_search (3.0ms)
Rendered shared/_login_bar (1.0ms)
Rendered shared/_store_menu (0.5ms)
Rendered shared/_nav_bar (5.1ms)
Cache hit: Spree::Config ({})
  [4;35;1mTracker Load (0.2ms)[0m   [0mSELECT * FROM "trackers" WHERE ("trackers"."environment" = 'development' AND "trackers"."active" = 't') LIMIT 1[0m
Rendered shared/_google_analytics (0.8ms)
Rendered shared/_footer (1.2ms)
Completed in 80ms (View: 56, DB: 20) | 200 OK [http://localhost/]


Processing ContentController#show (for 127.0.0.1 at 2010-08-15 23:42:27) [GET]
  Parameters: {"action"=>"show", "controller"=>"content", "path"=>["favicon.ico"]}
Cache hit: Spree::Config ({})
Rendering /Users/rodrigobammann/Projects/sinis/heroku_branches/spree_test/public/404.html (404 Not Found)


Processing ProductsController#index (for 127.0.0.1 at 2010-08-15 23:42:32) [GET]
  Parameters: {"action"=>"index", "controller"=>"products"}
Cache hit: Spree::Config ({})
Cache hit: Spree::Config ({})
Cache hit: Spree::Config ({})
  [4;36;1mProduct Load (2.5ms)[0m   [0;1mSELECT * FROM "products" WHERE ((products.available_on <= '2010-08-16 02:42:32') AND (products.deleted_at is null)) [0m
  [4;35;1mSQL (0.3ms)[0m   [0mSELECT count(*) AS count_all FROM "products" WHERE ((products.available_on <= '2010-08-16 02:42:32') AND (products.deleted_at is null)) [0m
Rendering template within layouts/spree_application
Rendering products/index
  [4;36;1mTaxonomy Load (0.3ms)[0m   [0;1mSELECT * FROM "taxonomies" [0m
  [4;35;1mTaxon Load (535.3ms)[0m   [0mSELECT "taxons".* FROM "taxons" WHERE ("taxons".taxonomy_id IN (475199832,854451430) AND (parent_id is null)) [0m
  [4;36;1mTaxon Load (2.1ms)[0m   [0;1mSELECT "taxons".* FROM "taxons" WHERE ("taxons".parent_id IN (20000,1000)) ORDER BY "lft"[0m
Rendered shared/_taxonomies (543.4ms)
Cache hit: Spree::Config ({})
  [4;35;1mSQL (0.5ms)[0m   [0mSELECT count(*) AS count_all FROM "assets" WHERE ("assets".viewable_id = 187438981 AND "assets".viewable_type = 'Product') AND ( ("assets"."type" = 'Image' ) ) [0m
  [4;36;1mImage Load (1.5ms)[0m   [0;1mSELECT * FROM "assets" WHERE ("assets".viewable_id = 187438981 AND "assets".viewable_type = 'Product') AND ( ("assets"."type" = 'Image' ) ) ORDER BY position LIMIT 1[0m
Cache hit: Spree::Config ({})
  [4;35;1mVariant Load (0.5ms)[0m   [0mSELECT * FROM "variants" WHERE ("variants".product_id = 187438981 AND (variants.is_master = 't' AND variants.deleted_at IS NULL)) LIMIT 1[0m
Cache hit: Spree::Config ({})
Cache hit: Spree::Config ({})
Cache hit: Spree::Config ({})
  [4;36;1mSQL (0.4ms)[0m   [0;1mSELECT count(*) AS count_all FROM "assets" WHERE ("assets".viewable_id = 248786582 AND "assets".viewable_type = 'Product') AND ( ("assets"."type" = 'Image' ) ) [0m
  [4;35;1mImage Load (0.9ms)[0m   [0mSELECT * FROM "assets" WHERE ("assets".viewable_id = 248786582 AND "assets".viewable_type = 'Product') AND ( ("assets"."type" = 'Image' ) ) ORDER BY position LIMIT 1[0m
Cache hit: Spree::Config ({})
  [4;36;1mVariant Load (0.6ms)[0m   [0;1mSELECT * FROM "variants" WHERE ("variants".product_id = 248786582 AND (variants.is_master = 't' AND variants.deleted_at IS NULL)) LIMIT 1[0m
Cache hit: Spree::Config ({})
Cache hit: Spree::Config ({})
Cache hit: Spree::Config ({})
  [4;35;1mSQL (0.4ms)[0m   [0mSELECT count(*) AS count_all FROM "assets" WHERE ("assets".viewable_id = 459084718 AND "assets".viewable_type = 'Product') AND ( ("assets"."type" = 'Image' ) ) [0m
  [4;36;1mImage Load (0.9ms)[0m   [0;1mSELECT * FROM "assets" WHERE ("assets".viewable_id = 459084718 AND "assets".viewable_type = 'Product') AND ( ("assets"."type" = 'Image' ) ) ORDER BY position LIMIT 1[0m
Cache hit: Spree::Config ({})
  [4;35;1mVariant Load (0.5ms)[0m   [0mSELECT * FROM "variants" WHERE ("variants".product_id = 459084718 AND (variants.is_master = 't' AND variants.deleted_at IS NULL)) LIMIT 1[0m
Cache hit: Spree::Config ({})
Cache hit: Spree::Config ({})
Cache hit: Spree::Config ({})
  [4;36;1mSQL (0.2ms)[0m   [0;1mSELECT count(*) AS count_all FROM "assets" WHERE ("assets".viewable_id = 569012001 AND "assets".viewable_type = 'Product') AND ( ("assets"."type" = 'Image' ) ) [0m
  [4;35;1mImage Load (0.7ms)[0m   [0mSELECT * FROM "assets" WHERE ("assets".viewable_id = 569012001 AND "assets".viewable_type = 'Product') AND ( ("assets"."type" = 'Image' ) ) ORDER BY position LIMIT 1[0m
Cache hit: Spree::Config ({})
  [4;36;1mVariant Load (0.4ms)[0m   [0;1mSELECT * FROM "variants" WHERE ("variants".product_id = 569012001 AND (variants.is_master = 't' AND variants.deleted_at IS NULL)) LIMIT 1[0m
Cache hit: Spree::Config ({})
Cache hit: Spree::Config ({})
Cache hit: Spree::Config ({})
  [4;35;1mSQL (0.3ms)[0m   [0mSELECT count(*) AS count_all FROM "assets" WHERE ("assets".viewable_id = 706676762 AND "assets".viewable_type = 'Product') AND ( ("assets"."type" = 'Image' ) ) [0m
  [4;36;1mImage Load (0.8ms)[0m   [0;1mSELECT * FROM "assets" WHERE ("assets".viewable_id = 706676762 AND "assets".viewable_type = 'Product') AND ( ("assets"."type" = 'Image' ) ) ORDER BY position LIMIT 1[0m
Cache hit: Spree::Config ({})
  [4;35;1mVariant Load (0.5ms)[0m   [0mSELECT * FROM "variants" WHERE ("variants".product_id = 706676762 AND (variants.is_master = 't' AND variants.deleted_at IS NULL)) LIMIT 1[0m
Cache hit: Spree::Config ({})
Cache hit: Spree::Config ({})
Cache hit: Spree::Config ({})
  [4;36;1mSQL (0.5ms)[0m   [0;1mSELECT count(*) AS count_all FROM "assets" WHERE ("assets".viewable_id = 723959550 AND "assets".viewable_type = 'Product') AND ( ("assets"."type" = 'Image' ) ) [0m
  [4;35;1mImage Load (1.0ms)[0m   [0mSELECT * FROM "assets" WHERE ("assets".viewable_id = 723959550 AND "assets".viewable_type = 'Product') AND ( ("assets"."type" = 'Image' ) ) ORDER BY position LIMIT 1[0m
Cache hit: Spree::Config ({})
  [4;36;1mVariant Load (0.4ms)[0m   [0;1mSELECT * FROM "variants" WHERE ("variants".product_id = 723959550 AND (variants.is_master = 't' AND variants.deleted_at IS NULL)) LIMIT 1[0m
Cache hit: Spree::Config ({})
Cache hit: Spree::Config ({})
Cache hit: Spree::Config ({})
  [4;35;1mSQL (0.2ms)[0m   [0mSELECT count(*) AS count_all FROM "assets" WHERE ("assets".viewable_id = 1025786064 AND "assets".viewable_type = 'Product') AND ( ("assets"."type" = 'Image' ) ) [0m
  [4;36;1mImage Load (0.7ms)[0m   [0;1mSELECT * FROM "assets" WHERE ("assets".viewable_id = 1025786064 AND "assets".viewable_type = 'Product') AND ( ("assets"."type" = 'Image' ) ) ORDER BY position LIMIT 1[0m
Cache hit: Spree::Config ({})
  [4;35;1mVariant Load (0.4ms)[0m   [0mSELECT * FROM "variants" WHERE ("variants".product_id = 1025786064 AND (variants.is_master = 't' AND variants.deleted_at IS NULL)) LIMIT 1[0m
Cache hit: Spree::Config ({})
Cache hit: Spree::Config ({})
Cache hit: Spree::Config ({})
  [4;36;1mSQL (0.2ms)[0m   [0;1mSELECT count(*) AS count_all FROM "assets" WHERE ("assets".viewable_id = 1035865702 AND "assets".viewable_type = 'Product') AND ( ("assets"."type" = 'Image' ) ) [0m
  [4;35;1mImage Load (0.7ms)[0m   [0mSELECT * FROM "assets" WHERE ("assets".viewable_id = 1035865702 AND "assets".viewable_type = 'Product') AND ( ("assets"."type" = 'Image' ) ) ORDER BY position LIMIT 1[0m
Cache hit: Spree::Config ({})
  [4;36;1mVariant Load (0.3ms)[0m   [0;1mSELECT * FROM "variants" WHERE ("variants".product_id = 1035865702 AND (variants.is_master = 't' AND variants.deleted_at IS NULL)) LIMIT 1[0m
Cache hit: Spree::Config ({})
Cache hit: Spree::Config ({})
Cache hit: Spree::Config ({})
  [4;35;1mSQL (0.2ms)[0m   [0mSELECT count(*) AS count_all FROM "assets" WHERE ("assets".viewable_id = 1060500592 AND "assets".viewable_type = 'Product') AND ( ("assets"."type" = 'Image' ) ) [0m
  [4;36;1mImage Load (0.7ms)[0m   [0;1mSELECT * FROM "assets" WHERE ("assets".viewable_id = 1060500592 AND "assets".viewable_type = 'Product') AND ( ("assets"."type" = 'Image' ) ) ORDER BY position LIMIT 1[0m
Cache hit: Spree::Config ({})
  [4;35;1mVariant Load (0.3ms)[0m   [0mSELECT * FROM "variants" WHERE ("variants".product_id = 1060500592 AND (variants.is_master = 't' AND variants.deleted_at IS NULL)) LIMIT 1[0m
Cache hit: Spree::Config ({})
Cache hit: Spree::Config ({})
Rendered shared/_products (64.0ms)
Cache hit: Spree::Config ({})
Cache hit: Spree::Config ({})
Rendered shared/_head (0.6ms)
  [4;36;1mTaxon Load (1.0ms)[0m   [0;1mSELECT * FROM "taxons" WHERE ("taxons"."parent_id" IS NULL) ORDER BY "lft"[0m
Rendered shared/_search (3.0ms)
Rendered shared/_login_bar (1.0ms)
Rendered shared/_store_menu (0.4ms)
Rendered shared/_nav_bar (4.9ms)
Cache hit: Spree::Config ({})
  [4;35;1mTracker Load (0.2ms)[0m   [0mSELECT * FROM "trackers" WHERE ("trackers"."environment" = 'development' AND "trackers"."active" = 't') LIMIT 1[0m
Rendered shared/_google_analytics (0.8ms)
Rendered shared/_footer (1.1ms)
Completed in 625ms (View: 63, DB: 557) | 200 OK [http://localhost/]
