# Logfile created on Sun Aug 15 18:43:53 -0300 2010

Processing ProductsController#index (for 127.0.0.1 at 2010-08-15 18:46:47) [GET]
  Parameters: {"action"=>"index", "controller"=>"products"}
Rendering template within layouts/spree_application
Rendering products/index
Completed in 308ms (View: 120, DB: 41) | 200 OK [http://localhost/]


Processing UserSessionsController#new (for 127.0.0.1 at 2010-08-15 18:46:55) [GET]
  Parameters: {"action"=>"new", "controller"=>"user_sessions"}
Redirected to https://localhost/login
Filter chain halted as [:ensure_proper_protocol] rendered_or_redirected.
Completed in 1ms (DB: 0) | 302 Found [http://localhost/login]


Processing ProductsController#index (for 127.0.0.1 at 2010-08-15 18:47:23) [GET]
  Parameters: {"action"=>"index", "controller"=>"products"}
Rendering template within layouts/spree_application
Rendering products/index
Completed in 71ms (View: 48, DB: 18) | 200 OK [http://localhost/]


Processing TaxonsController#show (for 127.0.0.1 at 2010-08-15 18:47:25) [GET]
  Parameters: {"action"=>"show", "id"=>["brands", "ruby-on-rails"], "controller"=>"taxons"}
Rendering template within layouts/spree_application
Rendering taxons/show
Completed in 88ms (View: 55, DB: 18) | 200 OK [http://localhost/t/brands/ruby-on-rails]


Processing TaxonsController#show (for 127.0.0.1 at 2010-08-15 18:47:33) [GET]
  Parameters: {"action"=>"show", "id"=>["brands", "apache"], "controller"=>"taxons"}
Rendering template within layouts/spree_application
Rendering taxons/show
Completed in 43ms (View: 28, DB: 8) | 200 OK [http://localhost/t/brands/apache]


Processing TaxonsController#show (for 127.0.0.1 at 2010-08-15 18:47:35) [GET]
  Parameters: {"action"=>"show", "id"=>["categories"], "controller"=>"taxons"}
Rendering template within layouts/spree_application
Rendering taxons/show
Completed in 121ms (View: 81, DB: 28) | 200 OK [http://localhost/t/categories]


Processing TaxonsController#show (for 127.0.0.1 at 2010-08-15 18:47:37) [GET]
  Parameters: {"action"=>"show", "id"=>["categories", "clothing"], "controller"=>"taxons"}
Rendering template within layouts/spree_application
Rendering taxons/show
Completed in 201ms (View: 169, DB: 21) | 200 OK [http://localhost/t/categories/clothing]


Processing ProductsController#index (for 127.0.0.1 at 2010-08-15 18:47:40) [GET]
  Parameters: {"action"=>"index", "controller"=>"products"}
Rendering template within layouts/spree_application
Rendering products/index
Completed in 68ms (View: 47, DB: 17) | 200 OK [http://localhost/]


Processing OrdersController#new (for 127.0.0.1 at 2010-08-15 18:47:41) [GET]
  Parameters: {"action"=>"new", "controller"=>"orders"}
Rendering template within layouts/spree_application
Rendering orders/new
Completed in 207ms (View: 194, DB: 1) | 200 OK [http://localhost/orders/new]


Processing UserSessionsController#new (for 127.0.0.1 at 2010-08-15 18:47:44) [GET]
  Parameters: {"action"=>"new", "controller"=>"user_sessions"}
Redirected to https://localhost/login
Filter chain halted as [:ensure_proper_protocol] rendered_or_redirected.
Completed in 1ms (DB: 0) | 302 Found [http://localhost/login]


Processing OrdersController#new (for 127.0.0.1 at 2010-08-15 18:47:54) [GET]
  Parameters: {"action"=>"new", "controller"=>"orders"}
Rendering template within layouts/spree_application
Rendering orders/new
Completed in 16ms (View: 13, DB: 2) | 200 OK [http://localhost/orders/new]


Processing OrdersController#new (for 127.0.0.1 at 2010-08-15 18:47:59) [GET]
  Parameters: {"action"=>"new", "controller"=>"orders"}
Rendering template within layouts/spree_application
Rendering orders/new
Completed in 21ms (View: 15, DB: 2) | 200 OK [http://localhost/orders/new]


Processing ProductsController#index (for 127.0.0.1 at 2010-08-15 18:48:24) [GET]
  Parameters: {"action"=>"index", "controller"=>"products"}
Rendering template within layouts/spree_application
Rendering products/index
Completed in 74ms (View: 50, DB: 19) | 200 OK [http://localhost/]


Processing ProductsController#show (for 127.0.0.1 at 2010-08-15 18:48:27) [GET]
  Parameters: {"action"=>"show", "id"=>"ruby-on-rails-ringer-t-shirt", "controller"=>"products"}
Rendering template within layouts/spree_application
Rendering products/show
Completed in 65ms (View: 29, DB: 10) | 200 OK [http://localhost/products/ruby-on-rails-ringer-t-shirt]


Processing OrdersController#create (for 127.0.0.1 at 2010-08-15 18:48:28) [POST]
  Parameters: {"action"=>"create", "authenticity_token"=>"Kyrrm+XWwNavK8UO+Jr+6ki616eUc0tB4p9EXlQv35Q=", "controller"=>"orders", "variants"=>{"429921481"=>"1"}}
Redirected to http://localhost:3000/orders/R208227567/edit
Completed in 221ms (DB: 7) | 302 Found [http://localhost/orders]


Processing OrdersController#edit (for 127.0.0.1 at 2010-08-15 18:48:29) [GET]
  Parameters: {"action"=>"edit", "id"=>"R208227567", "controller"=>"orders"}
Rendering template within layouts/spree_application
Rendering orders/edit
Completed in 65ms (View: 35, DB: 8) | 200 OK [http://localhost/orders/R208227567/edit]


Processing CheckoutsController#edit (for 127.0.0.1 at 2010-08-15 18:48:31) [GET]
  Parameters: {"order_id"=>"R208227567", "action"=>"edit", "controller"=>"checkouts"}
Redirected to https://localhost/orders/R208227567/checkout/edit
Filter chain halted as [:ensure_proper_protocol] rendered_or_redirected.
Completed in 1ms (DB: 0) | 302 Found [http://localhost/orders/R208227567/checkout/edit]


Processing OrdersController#edit (for 127.0.0.1 at 2010-08-15 18:48:35) [GET]
  Parameters: {"action"=>"edit", "id"=>"R208227567", "controller"=>"orders"}
Rendering template within layouts/spree_application
Rendering orders/edit
Completed in 59ms (View: 28, DB: 8) | 200 OK [http://localhost/orders/R208227567/edit]


Processing ProductsController#index (for 127.0.0.1 at 2010-08-15 21:34:19) [GET]
  Parameters: {"action"=>"index", "controller"=>"products"}
Rendering template within layouts/spree_application
Rendering products/index
Completed in 389ms (View: 158, DB: 475) | 200 OK [http://localhost/]


Processing ProductsController#index (for 127.0.0.1 at 2010-08-15 21:35:38) [GET]
  Parameters: {"action"=>"index", "controller"=>"products"}
Rendering template within layouts/spree_application
Rendering products/index
Completed in 328ms (View: 131, DB: 41) | 200 OK [http://localhost/]
